0 info it worked if it ends with ok
1 verbose cli [ '/Users/yuansc/.nvm/v0.10.32/bin/node',
1 verbose cli   '/Users/yuansc/.nvm/v0.10.32/bin/npm',
1 verbose cli   'publish' ]
2 info using npm@1.4.28
3 info using node@v0.10.32
4 verbose publish [ '.' ]
5 verbose cache add [ '.', null ]
6 verbose cache add name=undefined spec="." args=[".",null]
7 verbose parsed url { protocol: null,
7 verbose parsed url   slashes: null,
7 verbose parsed url   auth: null,
7 verbose parsed url   host: null,
7 verbose parsed url   port: null,
7 verbose parsed url   hostname: null,
7 verbose parsed url   hash: null,
7 verbose parsed url   search: null,
7 verbose parsed url   query: null,
7 verbose parsed url   pathname: '.',
7 verbose parsed url   path: '.',
7 verbose parsed url   href: '.' }
8 silly lockFile 3a52ce78- .
9 verbose lock . /Users/yuansc/.npm/3a52ce78-.lock
10 verbose tar pack [ '/Users/yuansc/.npm/reboot/0.0.1/package.tgz', '.' ]
11 verbose tarball /Users/yuansc/.npm/reboot/0.0.1/package.tgz
12 verbose folder .
13 info prepublish reboot@0.0.1
14 silly lockFile 1f1177db-tar tar://.
15 verbose lock tar://. /Users/yuansc/.npm/1f1177db-tar.lock
16 silly lockFile 1342e8f6-nsc-npm-reboot-0-0-1-package-tgz tar:///Users/yuansc/.npm/reboot/0.0.1/package.tgz
17 verbose lock tar:///Users/yuansc/.npm/reboot/0.0.1/package.tgz /Users/yuansc/.npm/1342e8f6-nsc-npm-reboot-0-0-1-package-tgz.lock
18 silly lockFile 1f1177db-tar tar://.
19 silly lockFile 1f1177db-tar tar://.
20 silly lockFile 1342e8f6-nsc-npm-reboot-0-0-1-package-tgz tar:///Users/yuansc/.npm/reboot/0.0.1/package.tgz
21 silly lockFile 1342e8f6-nsc-npm-reboot-0-0-1-package-tgz tar:///Users/yuansc/.npm/reboot/0.0.1/package.tgz
22 silly lockFile 935648c3--yuansc-npm-reboot-0-0-1-package /Users/yuansc/.npm/reboot/0.0.1/package
23 verbose lock /Users/yuansc/.npm/reboot/0.0.1/package /Users/yuansc/.npm/935648c3--yuansc-npm-reboot-0-0-1-package.lock
24 silly lockFile 935648c3--yuansc-npm-reboot-0-0-1-package /Users/yuansc/.npm/reboot/0.0.1/package
25 silly lockFile 935648c3--yuansc-npm-reboot-0-0-1-package /Users/yuansc/.npm/reboot/0.0.1/package
26 silly lockFile 3a52ce78- .
27 silly lockFile 3a52ce78- .
28 silly publish { name: 'reboot',
28 silly publish   version: '0.0.1',
28 silly publish   description: 'forever reboot script ',
28 silly publish   main: 'index.js',
28 silly publish   dependencies: { async: '^0.9.0', gift: '^0.4.3-1' },
28 silly publish   devDependencies: {},
28 silly publish   scripts: { test: 'echo "Error: no test specified" && exit 1' },
28 silly publish   repository: { type: 'git', url: 'https://github.com/buctyoyo/reboot.git' },
28 silly publish   keywords: [ 'forever', 'hook' ],
28 silly publish   author: { name: 'yuansc' },
28 silly publish   license: 'ISC',
28 silly publish   bugs: { url: 'https://github.com/buctyoyo/reboot/issues' },
28 silly publish   homepage: 'https://github.com/buctyoyo/reboot',
28 silly publish   readme: 'Reboot\n============\n\n##How to use it\n\n',
28 silly publish   readmeFilename: 'readme.md',
28 silly publish   gitHead: '3160617b962a8b6bbbf501b9faf3fcd2e495f590',
28 silly publish   _id: 'reboot@0.0.1',
28 silly publish   _shasum: '906baa232dcdaa42e1a3935f39f2a4b1230165b6',
28 silly publish   _from: '.' }
29 verbose request where is /reboot
30 verbose request registry https://registry.npmjs.org/
31 verbose request id 4216234af1d5a0d1
32 verbose url raw /reboot
33 verbose url resolving [ 'https://registry.npmjs.org/', './reboot' ]
34 verbose url resolved https://registry.npmjs.org/reboot
35 verbose request where is https://registry.npmjs.org/reboot
36 info trying registry request attempt 1 at 22:18:44
37 http PUT https://registry.npmjs.org/reboot
38 http 403 https://registry.npmjs.org/reboot
39 verbose headers { date: 'Wed, 22 Oct 2014 14:18:45 GMT',
39 verbose headers   server: 'CouchDB/1.5.0 (Erlang OTP/R16B03)',
39 verbose headers   'content-type': 'application/json',
39 verbose headers   'cache-control': 'max-age=60',
39 verbose headers   'content-length': '3511',
39 verbose headers   'accept-ranges': 'bytes',
39 verbose headers   via: '1.1 varnish',
39 verbose headers   'x-served-by': 'cache-ty68-TYO',
39 verbose headers   'x-cache': 'MISS',
39 verbose headers   'x-cache-hits': '0',
39 verbose headers   'x-timer': 'S1413987525.296862,VS0,VE129',
39 verbose headers   'keep-alive': 'timeout=10, max=50',
39 verbose headers   connection: 'Keep-Alive' }
40 error publish Failed PUT 403
41 error Error: forbidden cannot modify pre-existing version: 0.0.1
41 error old={"name":"reboot","description":"Quickly reboot Linux from node.js without fork()ing /sbin/shutdown or going thru initscripts","homepage":"http://egorfine.github.com/node-reboot","bugs":{"url":"http://github.com/egorFiNE/node-reboot/issues"},"version":"0.0.1","author":{"name":"Egor Egorov"},"repository":{"type":"git","url":"http://github.com/egorfine/node-reboot.git"},"main":"./index","scripts":{"install":"node-gyp rebuild"},"gypfile":true,"readme":"# node-reboot\u000a\u000aReboot Linux kernel immediately from node without calling `/sbin/shutdown` or going thru initscripts. \u000a\u000a## Why? \u000a\u000aI'm running a cluster of Linux servers which boot readonly and perform a memory-intensive computations. node-reboot is a part of a watchdog application, which in case of emergencies much reboot the server immediately without `fork()`ing another process or going thru upstart/initscripts.\u000a\u000a## Synopsis\u000a\u000aCall `sync()` and then reboot: \u000a\u000a```javascript\u000arequire('reboot').reboot();\u000a```\u000a\u000aReboot without `sync()`ing: \u000a\u000a```javascript\u000arequire('reboot').rebootImmediately();\u000a```\u000a\u000aThe function should never return. If it does, it means node has insufficient permissions. \u000a\u000a## Permissions\u000a\u000aIf you are to run node process under non-superuser, be sure to give node permissions to reboot the system: \u000a\u000a```\u000asudo setcap CAP_SYS_BOOT=+ep /usr/local/bin/node\u000a```\u000a\u000aSee `man capabilities` for details.\u000a\u000a\u000a## Installation\u000a\u000a```\u000anpm install reboot\u000a```\u000a\u000aor\u000a\u000a```\u000anpm install .\u000a```\u000a\u000a\u000a## License\u000a\u000aSee LICENSE file. Basically, it's a kind of \"do-whatever-you-want-for-free\" license.\u000a\u000a\u000a","readmeFilename":"README.md","_id":"reboot@0.0.1","dist":{"shasum":"c9f02d14b1d5211490092eea3dc6e985ac51c17c","tarball":"http://registry.npmjs.org/reboot/-/reboot-0.0.1.tgz"},"_from":".","_npmVersion":"1.2.18","_npmUser":{"name":"egorfine","email":"me@egorfine.com"},"maintainers":[{"name":"egorfine","email":"me@egorfine.com"}]}
41 error new={"name":"reboot","version":"0.0.1","description":"forever reboot script ","main":"index.js","dependencies":{"async":"^0.9.0","gift":"^0.4.3-1"},"devDependencies":{},"scripts":{"test":"echo \"Error: no test specified\" && exit 1"},"repository":{"type":"git","url":"https://github.com/buctyoyo/reboot.git"},"keywords":["forever","hook"],"author":{"name":"yuansc"},"license":"ISC","bugs":{"url":"https://github.com/buctyoyo/reboot/issues"},"homepage":"https://github.com/buctyoyo/reboot","readme":"Reboot\u000a============\u000a\u000a##How to use it\u000a\u000a","readmeFilename":"readme.md","gitHead":"3160617b962a8b6bbbf501b9faf3fcd2e495f590","_id":"reboot@0.0.1","_shasum":"906baa232dcdaa42e1a3935f39f2a4b1230165b6","_from":".","_npmVersion":"1.4.28","_npmUser":{"name":"buctyoyo","email":"buctysc@163.com"},"maintainers":[{"name":"buctyoyo","email":"buctysc@163.com"}],"dist":{"shasum":"906baa232dcdaa42e1a3935f39f2a4b1230165b6","tarball":"http://registry.npmjs.org/reboot/-/reboot-0.0.1.tgz"}}: reboot
41 error     at RegClient.<anonymous> (/Users/yuansc/.nvm/v0.10.32/lib/node_modules/npm/node_modules/npm-registry-client/lib/request.js:308:14)
41 error     at Request._callback (/Users/yuansc/.nvm/v0.10.32/lib/node_modules/npm/node_modules/npm-registry-client/lib/request.js:246:65)
41 error     at Request.self.callback (/Users/yuansc/.nvm/v0.10.32/lib/node_modules/npm/node_modules/request/request.js:236:22)
41 error     at Request.emit (events.js:98:17)
41 error     at Request.<anonymous> (/Users/yuansc/.nvm/v0.10.32/lib/node_modules/npm/node_modules/request/request.js:1142:14)
41 error     at Request.emit (events.js:117:20)
41 error     at IncomingMessage.<anonymous> (/Users/yuansc/.nvm/v0.10.32/lib/node_modules/npm/node_modules/request/request.js:1096:12)
41 error     at IncomingMessage.emit (events.js:117:20)
41 error     at _stream_readable.js:943:16
41 error     at process._tickCallback (node.js:419:13)
42 error If you need help, you may report this *entire* log,
42 error including the npm and node versions, at:
42 error     <http://github.com/npm/npm/issues>
43 error System Darwin 14.0.0
44 error command "/Users/yuansc/.nvm/v0.10.32/bin/node" "/Users/yuansc/.nvm/v0.10.32/bin/npm" "publish"
45 error cwd /Users/yuansc/project/reboot
46 error node -v v0.10.32
47 error npm -v 1.4.28
48 verbose exit [ 1, true ]
